[debug] [2021-03-31T18:13:53.203Z] ----------------------------------------------------------------------
[debug] [2021-03-31T18:13:53.207Z] Command:       C:\Program Files\nodejs\node.exe C:\Users\melan\AppData\Roaming\npm\node_modules\firebase-tools\lib\bin\firebase.js init
[debug] [2021-03-31T18:13:53.208Z] CLI Version:   9.8.0
[debug] [2021-03-31T18:13:53.208Z] Platform:      win32
[debug] [2021-03-31T18:13:53.208Z] Node Version:  v14.15.4
[debug] [2021-03-31T18:13:53.209Z] Time:          Wed Mar 31 2021 19:13:53 GMT+0100 (British Summer Time)
[debug] [2021-03-31T18:13:53.209Z] ----------------------------------------------------------------------
[debug] 
[debug] [2021-03-31T18:13:53.218Z] > command requires scopes: ["email","openid","https://www.googleapis.com/auth/cloudplatformprojects.readonly","https://www.googleapis.com/auth/firebase","https://www.googleapis.com/auth/cloud-platform"]
[debug] [2021-03-31T18:13:53.218Z] > authorizing via signed-in user
[info] 
     ######## #### ########  ######## ########     ###     ######  ########
     ##        ##  ##     ## ##       ##     ##  ##   ##  ##       ##
     ######    ##  ########  ######   ########  #########  ######  ######
     ##        ##  ##    ##  ##       ##     ## ##     ##       ## ##
     ##       #### ##     ## ######## ########  ##     ##  ######  ########

You're about to initialize a Firebase project in this directory:

  C:\Users\melan\carsales-nosql

[info] 
=== Project Setup
[info] 
[info] First, let's associate this project directory with a Firebase project.
[info] You can create multiple project aliases by running firebase use --add, 
[info] but for now we'll just set up a default project.
[info] 
[debug] [2021-03-31T18:14:00.621Z] > refreshing access token with scopes: []
[debug] [2021-03-31T18:14:00.622Z] >>> HTTP REQUEST POST https://www.googleapis.com/oauth2/v3/token  
 <request body omitted>
[debug] [2021-03-31T18:14:00.726Z] <<< HTTP RESPONSE 200 {"expires":"Mon, 01 Jan 1990 00:00:00 GMT","cache-control":"no-cache, no-store, max-age=0, must-revalidate","date":"Wed, 31 Mar 2021 18:14:01 GMT","pragma":"no-cache","content-type":"application/json; charset=utf-8","vary":"X-Origin, Referer, Origin,Accept-Encoding","server":"scaffolding on HTTPServer2","x-xss-protection":"0","x-frame-options":"SAMEORIGIN","x-content-type-options":"nosniff","alt-svc":"h3-29=\":443\"; ma=2592000,h3-T051=\":443\"; ma=2592000,h3-Q050=\":443\"; ma=2592000,h3-Q046=\":443\"; ma=2592000,h3-Q043=\":443\"; ma=2592000,quic=\":443\"; ma=2592000; v=\"46,43\"","accept-ranges":"none","transfer-encoding":"chunked"}
[debug] [2021-03-31T18:14:00.734Z] >>> [apiv2][query] GET https://firebase.googleapis.com/v1beta1/projects pageSize=100
[debug] [2021-03-31T18:14:01.083Z] <<< [apiv2][status] GET https://firebase.googleapis.com/v1beta1/projects 200
[debug] [2021-03-31T18:14:01.083Z] <<< [apiv2][body] GET https://firebase.googleapis.com/v1beta1/projects [omitted]
[debug] [2021-03-31T18:14:28.314Z] ----------------------------------------------------------------------
[debug] [2021-03-31T18:14:28.316Z] Command:       C:\Program Files\nodejs\node.exe C:\Users\melan\AppData\Roaming\npm\node_modules\firebase-tools\lib\bin\firebase.js init
[debug] [2021-03-31T18:14:28.317Z] CLI Version:   9.8.0
[debug] [2021-03-31T18:14:28.317Z] Platform:      win32
[debug] [2021-03-31T18:14:28.317Z] Node Version:  v14.15.4
[debug] [2021-03-31T18:14:28.318Z] Time:          Wed Mar 31 2021 19:14:28 GMT+0100 (British Summer Time)
[debug] [2021-03-31T18:14:28.318Z] ----------------------------------------------------------------------
[debug] 
[debug] [2021-03-31T18:14:28.329Z] > command requires scopes: ["email","openid","https://www.googleapis.com/auth/cloudplatformprojects.readonly","https://www.googleapis.com/auth/firebase","https://www.googleapis.com/auth/cloud-platform"]
[debug] [2021-03-31T18:14:28.330Z] > authorizing via signed-in user
[info] 
     ######## #### ########  ######## ########     ###     ######  ########
     ##        ##  ##     ## ##       ##     ##  ##   ##  ##       ##
     ######    ##  ########  ######   ########  #########  ######  ######
     ##        ##  ##    ##  ##       ##     ## ##     ##       ## ##
     ##       #### ##     ## ######## ########  ##     ##  ######  ########

You're about to initialize a Firebase project in this directory:

  C:\Users\melan\carsales-nosql

[info] 
=== Project Setup
[info] 
[info] First, let's associate this project directory with a Firebase project.
[info] You can create multiple project aliases by running firebase use --add, 
[info] but for now we'll just set up a default project.
[info] 
[info] i  If you want to create a project in a Google Cloud organization or folder, please use "firebase projects:create" instead, and return to this command when you've created the project. 
